[11.879s] DEBUG:colcon:Command line arguments: ['/usr/bin/colcon', 'build', '--packages-select', 'dmpc_controller']
[11.879s] DEBUG:colcon:Parsed command line arguments: Namespace(allow_overriding=[], ament_cmake_args=None, base_paths=['.'], build_base='build', catkin_cmake_args=None, catkin_skip_building_tests=False, cmake_args=None, cmake_clean_cache=False, cmake_clean_first=False, cmake_force_configure=False, cmake_target=None, cmake_target_skip_unavailable=False, continue_on_error=False, event_handlers=None, executor='parallel', ignore_user_meta=False, install_base='install', log_base=None, log_level=None, main=<bound method BuildVerb.main of <colcon_core.verb.build.BuildVerb object at 0x7fa34af0d0>>, merge_install=False, metas=['./colcon.meta'], packages_above=None, packages_above_and_dependencies=None, packages_above_depth=None, packages_end=None, packages_ignore=None, packages_ignore_regex=None, packages_select=['dmpc_controller'], packages_select_build_failed=False, packages_select_by_dep=None, packages_select_regex=None, packages_select_test_failures=False, packages_skip=None, packages_skip_build_finished=False, packages_skip_by_dep=None, packages_skip_regex=None, packages_skip_test_passed=False, packages_skip_up_to=None, packages_start=None, packages_up_to=None, packages_up_to_regex=None, parallel_workers=4, paths=None, symlink_install=False, test_result_base=None, verb_extension=<colcon_core.verb.build.BuildVerb object at 0x7fa34af0d0>, verb_name='build', verb_parser=<colcon_defaults.argument_parser.defaults.DefaultArgumentsDecorator object at 0x7fa2a10550>)
[12.418s] Level 1:colcon.colcon_core.package_discovery:discover_packages(colcon_meta) check parameters
[12.418s] Level 1:colcon.colcon_core.package_discovery:discover_packages(recursive) check parameters
[12.418s] Level 1:colcon.colcon_core.package_discovery:discover_packages(ignore) check parameters
[12.418s] Level 1:colcon.colcon_core.package_discovery:discover_packages(path) check parameters
[12.419s] Level 1:colcon.colcon_core.package_discovery:discover_packages(colcon_meta) discover
[12.419s] Level 1:colcon.colcon_core.package_discovery:discover_packages(recursive) discover
[12.419s] INFO:colcon.colcon_core.package_discovery:Crawling recursively for packages in '/home/puzzlebot/puzzlebot_ws/src/dmpc_controller/dmpc_controller'
[12.419s] Level 1:colcon.colcon_core.package_identification:_identify(.) by extensions ['ignore', 'ignore_ament_install']
[12.420s] Level 1:colcon.colcon_core.package_identification:_identify(.) by extension 'ignore'
[12.420s] Level 1:colcon.colcon_core.package_identification:_identify(.) by extension 'ignore_ament_install'
[12.420s] Level 1:colcon.colcon_core.package_identification:_identify(.) by extensions ['colcon_pkg']
[12.420s] Level 1:colcon.colcon_core.package_identification:_identify(.) by extension 'colcon_pkg'
[12.421s] Level 1:colcon.colcon_core.package_identification:_identify(.) by extensions ['colcon_meta']
[12.421s] Level 1:colcon.colcon_core.package_identification:_identify(.) by extension 'colcon_meta'
[12.421s] Level 1:colcon.colcon_core.package_identification:_identify(.) by extensions ['ros']
[12.421s] Level 1:colcon.colcon_core.package_identification:_identify(.) by extension 'ros'
[12.476s] Level 1:colcon.colcon_core.package_identification:_identify(.) by extensions ['cmake', 'python']
[12.476s] Level 1:colcon.colcon_core.package_identification:_identify(.) by extension 'cmake'
[12.477s] Level 1:colcon.colcon_core.package_identification:_identify(.) by extension 'python'
[12.477s] Level 1:colcon.colcon_core.package_identification:_identify(.) by extensions ['python_setup_py']
[12.477s] Level 1:colcon.colcon_core.package_identification:_identify(.) by extension 'python_setup_py'
[12.477s] Level 1:colcon.colcon_core.package_identification:_identify(build) by extensions ['ignore', 'ignore_ament_install']
[12.478s] Level 1:colcon.colcon_core.package_identification:_identify(build) by extension 'ignore'
[12.478s] Level 1:colcon.colcon_core.package_identification:_identify(build) ignored
[12.478s] Level 1:colcon.colcon_core.package_identification:_identify(install) by extensions ['ignore', 'ignore_ament_install']
[12.479s] Level 1:colcon.colcon_core.package_identification:_identify(install) by extension 'ignore'
[12.479s] Level 1:colcon.colcon_core.package_identification:_identify(install) ignored
[12.479s] Level 1:colcon.colcon_core.package_identification:_identify(log) by extensions ['ignore', 'ignore_ament_install']
[12.480s] Level 1:colcon.colcon_core.package_identification:_identify(log) by extension 'ignore'
[12.480s] Level 1:colcon.colcon_core.package_identification:_identify(log) ignored
[12.480s] Level 1:colcon.colcon_core.package_discovery:discover_packages(recursive) using defaults
[12.480s] Level 1:colcon.colcon_core.package_discovery:discover_packages(ignore) discover
[12.480s] Level 1:colcon.colcon_core.package_discovery:discover_packages(ignore) using defaults
[12.480s] Level 1:colcon.colcon_core.package_discovery:discover_packages(path) discover
[12.481s] Level 1:colcon.colcon_core.package_discovery:discover_packages(path) using defaults
[12.681s] WARNING:colcon.colcon_core.package_selection:ignoring unknown package 'dmpc_controller' in --packages-select
[13.543s] Level 1:colcon.colcon_core.package_discovery:discover_packages(prefix_path) check parameters
[13.544s] Level 1:colcon.colcon_core.package_discovery:discover_packages(prefix_path) discover
[13.946s] DEBUG:colcon.colcon_installed_package_information.package_discovery:Found 1 installed packages in /home/puzzlebot/ros2_ws/install
[14.180s] DEBUG:colcon.colcon_installed_package_information.package_discovery:Found 5 installed packages in /home/puzzlebot/ros2_packages_ws/install
[14.381s] DEBUG:colcon.colcon_installed_package_information.package_discovery:Found 276 installed packages in /opt/ros/humble
[14.390s] Level 1:colcon.colcon_core.package_discovery:discover_packages(prefix_path) using defaults
[15.238s] INFO:colcon.colcon_core.executor:Executing jobs using 'parallel' executor
[15.437s] DEBUG:colcon.colcon_parallel_executor.executor.parallel:run_until_complete
[15.439s] DEBUG:colcon.colcon_parallel_executor.executor.parallel:closing loop
[15.439s] DEBUG:colcon.colcon_parallel_executor.executor.parallel:loop closed
[15.440s] DEBUG:colcon.colcon_parallel_executor.executor.parallel:run_until_complete finished with '0'
[15.440s] DEBUG:colcon.colcon_core.event_reactor:joining thread
[15.659s] INFO:colcon.colcon_core.plugin_system:Skipping extension 'colcon_notification.desktop_notification.terminal_notifier': Not used on non-Darwin systems
[15.659s] INFO:colcon.colcon_core.plugin_system:Skipping extension 'colcon_notification.desktop_notification.win32': Not used on non-Windows systems
[15.659s] INFO:colcon.colcon_notification.desktop_notification:Sending desktop notification using 'notify2'
[15.952s] DEBUG:colcon.colcon_core.event_reactor:joined thread
[16.193s] INFO:colcon.colcon_core.plugin_system:Skipping extension 'colcon_core.shell.bat': Not used on non-Windows systems
[16.194s] INFO:colcon.colcon_core.shell:Creating prefix script '/home/puzzlebot/puzzlebot_ws/src/dmpc_controller/dmpc_controller/install/local_setup.ps1'
[16.199s] INFO:colcon.colcon_core.shell:Creating prefix util module '/home/puzzlebot/puzzlebot_ws/src/dmpc_controller/dmpc_controller/install/_local_setup_util_ps1.py'
[16.205s] INFO:colcon.colcon_core.shell:Creating prefix chain script '/home/puzzlebot/puzzlebot_ws/src/dmpc_controller/dmpc_controller/install/setup.ps1'
[16.418s] INFO:colcon.colcon_core.shell:Creating prefix script '/home/puzzlebot/puzzlebot_ws/src/dmpc_controller/dmpc_controller/install/local_setup.sh'
[16.420s] INFO:colcon.colcon_core.shell:Creating prefix util module '/home/puzzlebot/puzzlebot_ws/src/dmpc_controller/dmpc_controller/install/_local_setup_util_sh.py'
[16.422s] INFO:colcon.colcon_core.shell:Creating prefix chain script '/home/puzzlebot/puzzlebot_ws/src/dmpc_controller/dmpc_controller/install/setup.sh'
[16.631s] INFO:colcon.colcon_core.shell:Creating prefix script '/home/puzzlebot/puzzlebot_ws/src/dmpc_controller/dmpc_controller/install/local_setup.bash'
[16.634s] INFO:colcon.colcon_core.shell:Creating prefix chain script '/home/puzzlebot/puzzlebot_ws/src/dmpc_controller/dmpc_controller/install/setup.bash'
[16.892s] INFO:colcon.colcon_core.shell:Creating prefix script '/home/puzzlebot/puzzlebot_ws/src/dmpc_controller/dmpc_controller/install/local_setup.zsh'
[16.895s] INFO:colcon.colcon_core.shell:Creating prefix chain script '/home/puzzlebot/puzzlebot_ws/src/dmpc_controller/dmpc_controller/install/setup.zsh'
